Determining if the pthread_create exist failed with the following output:
Change Dir: /home/robin/github/Botnav/feature_fit/build/CMakeFiles/CMakeTmp

Run Build Command:/usr/bin/make "cmTryCompileExec1768988851/fast"
/usr/bin/make -f CMakeFiles/cmTryCompileExec1768988851.dir/build.make CMakeFiles/cmTryCompileExec1768988851.dir/build
make[1]: Entering directory `/home/robin/github/Botnav/feature_fit/build/CMakeFiles/CMakeTmp'
/usr/bin/cmake -E cmake_progress_report /home/robin/github/Botnav/feature_fit/build/CMakeFiles/CMakeTmp/CMakeFiles 1
Building C object CMakeFiles/cmTryCompileExec1768988851.dir/CheckSymbolExists.c.o
/usr/bin/cc    -o CMakeFiles/cmTryCompileExec1768988851.dir/CheckSymbolExists.c.o   -c /home/robin/github/Botnav/feature_fit/build/CMakeFiles/CMakeTmp/CheckSymbolExists.c
Linking C executable cmTryCompileExec1768988851
/usr/bin/cmake -E cmake_link_script CMakeFiles/cmTryCompileExec1768988851.dir/link.txt --verbose=1
/usr/bin/cc       CMakeFiles/cmTryCompileExec1768988851.dir/CheckSymbolExists.c.o  -o cmTryCompileExec1768988851 -rdynamic 
CMakeFiles/cmTryCompileExec1768988851.dir/CheckSymbolExists.c.o: In function `main':
CheckSymbolExists.c:(.text+0x16): undefined reference to `pthread_create'
collect2: error: ld returned 1 exit status
make[1]: *** [cmTryCompileExec1768988851] Error 1
make[1]: Leaving directory `/home/robin/github/Botnav/feature_fit/build/CMakeFiles/CMakeTmp'
make: *** [cmTryCompileExec1768988851/fast] Error 2

File /home/robin/github/Botnav/feature_fit/build/CMakeFiles/CMakeTmp/CheckSymbolExists.c:
/* */
#include <pthread.h>

int main(int argc, char** argv)
{
  (void)argv;
#ifndef pthread_create
  return ((int*)(&pthread_create))[argc];
#else
  (void)argc;
  return 0;
#endif
}

Determining if the function pthread_create exists in the pthreads failed with the following output:
Change Dir: /home/robin/github/Botnav/feature_fit/build/CMakeFiles/CMakeTmp

Run Build Command:/usr/bin/make "cmTryCompileExec119063998/fast"
/usr/bin/make -f CMakeFiles/cmTryCompileExec119063998.dir/build.make CMakeFiles/cmTryCompileExec119063998.dir/build
make[1]: Entering directory `/home/robin/github/Botnav/feature_fit/build/CMakeFiles/CMakeTmp'
/usr/bin/cmake -E cmake_progress_report /home/robin/github/Botnav/feature_fit/build/CMakeFiles/CMakeTmp/CMakeFiles 1
Building C object CMakeFiles/cmTryCompileExec119063998.dir/CheckFunctionExists.c.o
/usr/bin/cc   -DCHECK_FUNCTION_EXISTS=pthread_create   -o CMakeFiles/cmTryCompileExec119063998.dir/CheckFunctionExists.c.o   -c /usr/share/cmake-2.8/Modules/CheckFunctionExists.c
Linking C executable cmTryCompileExec119063998
/usr/bin/cmake -E cmake_link_script CMakeFiles/cmTryCompileExec119063998.dir/link.txt --verbose=1
/usr/bin/cc   -DCHECK_FUNCTION_EXISTS=pthread_create    CMakeFiles/cmTryCompileExec119063998.dir/CheckFunctionExists.c.o  -o cmTryCompileExec119063998 -rdynamic -lpthreads 
/usr/bin/ld: cannot find -lpthreads
collect2: error: ld returned 1 exit status
make[1]: *** [cmTryCompileExec119063998] Error 1
make[1]: Leaving directory `/home/robin/github/Botnav/feature_fit/build/CMakeFiles/CMakeTmp'
make: *** [cmTryCompileExec119063998/fast] Error 2


